<?xml version="1.0" encoding="UTF-8"?>
<!-- Generated by org.testng.reporters.JUnitReportReporter -->
<testsuite hostname="DESKTOP-LLLGMOJ" failures="0" tests="2" name="testscripts.TestOrangeHrmPim" time="58.171" errors="0" timestamp="26 Jul 2023 03:19:09 GMT" skipped="0">
  <testcase classname="testscripts.TestOrangeHrmPim" name="testPimCreation" time="26.023"/>
  <testcase classname="testscripts.TestOrangeHrmPim" name="testPimDeletion" time="32.148"/>
</testsuite> <!-- testscripts.TestOrangeHrmPim -->
