<?xml version="1.0" encoding="UTF-8"?>
<!-- Generated by org.testng.reporters.JUnitReportReporter -->
<testsuite hostname="DESKTOP-LLLGMOJ" failures="0" tests="3" name="runner.TestRunner" time="26.383" errors="0" timestamp="10 Jun 2023 02:06:10 GMT">
  <testcase classname="runner.TestRunner" name="runScenario" time="10.032"/>
  <testcase classname="runner.TestRunner" name="runScenario" time="8.585"/>
  <testcase classname="runner.TestRunner" name="runScenario" time="7.766"/>
</testsuite> <!-- runner.TestRunner -->
