<?xml version="1.0" encoding="UTF-8"?>
<!-- Generated by org.testng.reporters.JUnitReportReporter -->
<testsuite hostname="DESKTOP-LLLGMOJ" failures="0" tests="2" name="runner.TestRunner" time="37.577" errors="0" timestamp="2023-07-29T08:59:06 IST" skipped="0">
  <testcase classname="runner.TestRunner" name="runScenario" time="23.350"/>
  <system-out/>
  <testcase classname="runner.TestRunner" name="runScenario" time="14.227"/>
  <system-out/>
</testsuite> <!-- runner.TestRunner -->
