<?xml version="1.0" encoding="UTF-8"?>
<!-- Generated by org.testng.reporters.JUnitReportReporter -->
<testsuite skipped="0" hostname="DESKTOP-LLLGMOJ" name="testscripts.TestOrangeHrmPim" tests="2" failures="0" timestamp="26 Jul 2023 03:38:58 GMT" time="53.161" errors="0">
  <testcase name="testPimDeletion" time="27.551" classname="testscripts.TestOrangeHrmPim"/>
  <testcase name="testPimCreation" time="25.610" classname="testscripts.TestOrangeHrmPim"/>
</testsuite> <!-- testscripts.TestOrangeHrmPim -->
